<?xml version="1.0" encoding="UTF-8"?>
<!-- Generated by org.testng.reporters.JUnitXMLReporter -->
<testsuite ignored="2" hostname="BHANU-LAPTOP" failures="0" tests="2" name="Test1" time="22.576" errors="0" timestamp="2022-05-13T23:51:56 IST">
  <testcase classname="script.ValidLogin" name="testValidLogin" time="3.622"/>
  <testcase classname="script.InvalidLogin" name="testInvalidLogin" time="2.565"/>
  <testcase classname="generic.BaseTest" name="@BeforeSuite initReport" time="0.0">
    <ignored/>
  </testcase> <!-- @BeforeSuite initReport -->
  <testcase classname="generic.BaseTest" name="@AfterSuite publishReport" time="0.0">
    <ignored/>
  </testcase> <!-- @AfterSuite publishReport -->
</testsuite> <!-- Test1 -->
