<?xml version="1.0" encoding="UTF-8"?>
<testng-results ignored="2" total="4" passed="2" failed="0" skipped="0">
  <reporter-output>
  </reporter-output>
  <suite started-at="2022-05-13T23:51:33 IST" name="Suite" finished-at="2022-05-13T23:51:56 IST" duration-ms="22576">
    <groups>
      <group name="smoke">
        <method signature="InvalidLogin.testInvalidLogin(java.lang.String,java.lang.String)[pri:2, instance:script.InvalidLogin@4ec4f3a0]" name="testInvalidLogin" class="script.InvalidLogin"/>
        <method signature="ValidLogin.testValidLogin(java.lang.String,java.lang.String,java.lang.String)[pri:1, instance:script.ValidLogin@35e2d654]" name="testValidLogin" class="script.ValidLogin"/>
      </group> <!-- smoke -->
    </groups>
    <test started-at="2022-05-13T23:51:33 IST" name="Test1" finished-at="2022-05-13T23:51:56 IST" duration-ms="22576">
      <class name="script.InvalidLogin">
        <test-method is-config="true" signature="initReport()[pri:0, instance:script.InvalidLogin@4ec4f3a0]" started-at="2022-05-13T23:51:33 IST" name="initReport" finished-at="2022-05-13T23:51:33 IST" duration-ms="423" status="PASS">
          <reporter-output>
          </reporter-output>
        </test-method> <!-- initReport -->
        <test-method is-config="true" signature="createTest(java.lang.reflect.Method)[pri:0, instance:script.InvalidLogin@4ec4f3a0]" started-at="2022-05-13T23:51:46 IST" name="createTest" finished-at="2022-05-13T23:51:46 IST" duration-ms="0" status="PASS">
          <params>
            <param index="0">
              <value>
                <![CDATA[public void script.InvalidLogin.testInvalidLogin(java.lang.String,java.lang.String)]]>
              </value>
            </param>
          </params>
          <reporter-output>
          </reporter-output>
        </test-method> <!-- createTest -->
        <test-method is-config="true" signature="openApp(java.lang.String)[pri:0, instance:script.InvalidLogin@4ec4f3a0]" started-at="2022-05-13T23:51:46 IST" name="openApp" finished-at="2022-05-13T23:51:53 IST" duration-ms="6398" status="PASS">
          <params>
            <param index="0">
              <value>
                <![CDATA[./config.properties]]>
              </value>
            </param>
          </params>
          <reporter-output>
          </reporter-output>
        </test-method> <!-- openApp -->
        <test-method signature="testInvalidLogin(java.lang.String,java.lang.String)[pri:2, instance:script.InvalidLogin@4ec4f3a0]" started-at="2022-05-13T23:51:53 IST" name="testInvalidLogin" data-provider="getData" finished-at="2022-05-13T23:51:55 IST" duration-ms="2565" status="PASS">
          <params>
            <param index="0">
              <value>
                <![CDATA[abcd]]>
              </value>
            </param>
            <param index="1">
              <value>
                <![CDATA[xyz]]>
              </value>
            </param>
          </params>
          <reporter-output>
          </reporter-output>
        </test-method> <!-- testInvalidLogin -->
        <test-method is-config="true" signature="closeApp(org.testng.ITestResult)[pri:0, instance:script.InvalidLogin@4ec4f3a0]" started-at="2022-05-13T23:51:55 IST" name="closeApp" finished-at="2022-05-13T23:51:56 IST" duration-ms="263" status="PASS">
          <params>
            <param index="0">
              <value>
                <![CDATA[[TestResult name=testInvalidLogin status=SUCCESS method=InvalidLogin.testInvalidLogin(java.lang.String,java.lang.String)[pri:2, instance:script.InvalidLogin@4ec4f3a0] output={null}]]]>
              </value>
            </param>
          </params>
          <reporter-output>
          </reporter-output>
        </test-method> <!-- closeApp -->
        <test-method is-config="true" signature="publishReport()[pri:0, instance:script.InvalidLogin@4ec4f3a0]" started-at="2022-05-13T23:51:56 IST" name="publishReport" finished-at="2022-05-13T23:51:56 IST" duration-ms="311" status="PASS">
          <reporter-output>
          </reporter-output>
        </test-method> <!-- publishReport -->
      </class> <!-- script.InvalidLogin -->
      <class name="script.ValidLogin">
        <test-method is-config="true" signature="createTest(java.lang.reflect.Method)[pri:0, instance:script.ValidLogin@35e2d654]" started-at="2022-05-13T23:51:34 IST" name="createTest" finished-at="2022-05-13T23:51:34 IST" duration-ms="4" status="PASS">
          <params>
            <param index="0">
              <value>
                <![CDATA[public void script.ValidLogin.testValidLogin(java.lang.String,java.lang.String,java.lang.String)]]>
              </value>
            </param>
          </params>
          <reporter-output>
          </reporter-output>
        </test-method> <!-- createTest -->
        <test-method is-config="true" signature="openApp(java.lang.String)[pri:0, instance:script.ValidLogin@35e2d654]" started-at="2022-05-13T23:51:34 IST" name="openApp" finished-at="2022-05-13T23:51:42 IST" duration-ms="8602" status="PASS">
          <params>
            <param index="0">
              <value>
                <![CDATA[./config.properties]]>
              </value>
            </param>
          </params>
          <reporter-output>
          </reporter-output>
        </test-method> <!-- openApp -->
        <test-method signature="testValidLogin(java.lang.String,java.lang.String,java.lang.String)[pri:1, instance:script.ValidLogin@35e2d654]" started-at="2022-05-13T23:51:42 IST" name="testValidLogin" data-provider="getData" finished-at="2022-05-13T23:51:46 IST" duration-ms="3622" status="PASS">
          <params>
            <param index="0">
              <value>
                <![CDATA[ADMIN]]>
              </value>
            </param>
            <param index="1">
              <value>
                <![CDATA[manager]]>
              </value>
            </param>
            <param index="2">
              <value>
                <![CDATA[actiTIME - Enter Time-Track]]>
              </value>
            </param>
          </params>
          <reporter-output>
          </reporter-output>
        </test-method> <!-- testValidLogin -->
        <test-method is-config="true" signature="closeApp(org.testng.ITestResult)[pri:0, instance:script.ValidLogin@35e2d654]" started-at="2022-05-13T23:51:46 IST" name="closeApp" finished-at="2022-05-13T23:51:46 IST" duration-ms="261" status="PASS">
          <params>
            <param index="0">
              <value>
                <![CDATA[[TestResult name=testValidLogin status=SUCCESS method=ValidLogin.testValidLogin(java.lang.String,java.lang.String,java.lang.String)[pri:1, instance:script.ValidLogin@35e2d654] output={null}]]]>
              </value>
            </param>
          </params>
          <reporter-output>
          </reporter-output>
        </test-method> <!-- closeApp -->
      </class> <!-- script.ValidLogin -->
    </test> <!-- Test1 -->
  </suite> <!-- Suite -->
</testng-results>
